<?xml version="1.0" encoding="UTF-8"?>
<!-- Generated by org.testng.reporters.JUnitXMLReporter -->
<testsuite hostname="DESKTOP-OT8VNT7" ignored="1" name="Test" tests="2" failures="0" timestamp="2022-10-31T02:34:39 EDT" time="24.546" errors="0">
  <testcase name="VerifyQuickLaunchItemCount_002" time="2.856" classname="testcases.QuickLaunch"/>
  <testcase name="VerifyQuickLaunchItems_003" time="3.009" classname="testcases.QuickLaunch"/>
  <testcase name="LoginSuccess_001" time="0.0" classname="testcases.LoginTest">
    <ignored/>
  </testcase> <!-- LoginSuccess_001 -->
</testsuite> <!-- Test -->
