<?xml version="1.0" encoding="UTF-8"?>
<!-- Generated by org.testng.reporters.JUnitXMLReporter -->
<testsuite hostname="DESKTOP-OT8VNT7" ignored="0" name="chrome" tests="3" failures="0" timestamp="2022-10-31T16:16:56 EDT" time="34.098" errors="0">
  <testcase name="LoginSuccess_001" time="4.702" classname="testcases.LoginTest_cb"/>
  <testcase name="VerifyQuickLaunchItemCount_002" time="2.793" classname="testcases.QuickLaunch_cb"/>
  <testcase name="VerifyQuickLaunchItems_003" time="3.287" classname="testcases.QuickLaunch_cb"/>
</testsuite> <!-- chrome -->
