<?xml version="1.0" encoding="UTF-8"?>
<!-- Generated by org.testng.reporters.JUnitXMLReporter -->
<testsuite hostname="DESKTOP-OT8VNT7" ignored="0" name="firefox" tests="3" failures="0" timestamp="2022-10-31T16:06:00 EDT" time="0.042" errors="0">
  <testcase name="@BeforeMethod beforeMethod" time="0.016" classname="testcases.LoginTest_cb">
    <failure type="org.openqa.selenium.NoSuchSessionException" message="Session ID is null. Using WebDriver after calling quit()?
Build info: version: &amp;apos;4.4.0&amp;apos;, revision: &amp;apos;e5c75ed026a&amp;apos;
System info: host: &amp;apos;DESKTOP-OT8VNT7&amp;apos;, ip: &amp;apos;10.0.0.124&amp;apos;, os.name: &amp;apos;Windows 10&amp;apos;, os.arch: &amp;apos;amd64&amp;apos;, os.version: &amp;apos;10.0&amp;apos;, java.version: &amp;apos;1.8.0_251&amp;apos;
Driver info: org.openqa.selenium.chrome.ChromeDriver
Command: [null, maximizeCurrentWindow {}]
Capabilities {acceptInsecureCerts: false, browserName: chrome, browserVersion: 106.0.5249.121, chrome: {chromedriverVersion: 105.0.5195.52 (412c95e51883..., userDataDir: C:\Users\Ankush\AppData\Loc...}, goog:chromeOptions: {debuggerAddress: localhost:51496}, networkConnectionEnabled: false, pageLoadStrategy: normal, platformName: WINDOWS, proxy: Proxy(), se:cdp: ws://localhost:51496/devtoo..., se:cdpVersion: 106.0.5249.121, setWindowRect: true, strictFileInteractability: false, timeouts: {implicit: 0, pageLoad: 300000, script: 30000}, unhandledPromptBehavior: dismiss and notify, webauthn:extension:credBlob: true, webauthn:extension:largeBlob: true, webauthn:virtualAuthenticators: true}">
      <![CDATA[org.openqa.selenium.NoSuchSessionException: Session ID is null. Using WebDriver after calling quit()?
Build info: version: '4.4.0', revision: 'e5c75ed026a'
System info: host: 'DESKTOP-OT8VNT7', ip: '10.0.0.124', os.name: 'Windows 10', os.arch: 'amd64', os.version: '10.0', java.version: '1.8.0_251'
Driver info: org.openqa.selenium.chrome.ChromeDriver
Command: [null, maximizeCurrentWindow {}]
Capabilities {acceptInsecureCerts: false, browserName: chrome, browserVersion: 106.0.5249.121, chrome: {chromedriverVersion: 105.0.5195.52 (412c95e51883..., userDataDir: C:\Users\Ankush\AppData\Loc...}, goog:chromeOptions: {debuggerAddress: localhost:51496}, networkConnectionEnabled: false, pageLoadStrategy: normal, platformName: WINDOWS, proxy: Proxy(), se:cdp: ws://localhost:51496/devtoo..., se:cdpVersion: 106.0.5249.121, setWindowRect: true, strictFileInteractability: false, timeouts: {implicit: 0, pageLoad: 300000, script: 30000}, unhandledPromptBehavior: dismiss and notify, webauthn:extension:credBlob: true, webauthn:extension:largeBlob: true, webauthn:virtualAuthenticators: true}
at org.openqa.selenium.remote.HttpCommandExecutor.execute(HttpCommandExecutor.java:145)
at org.openqa.selenium.remote.service.DriverCommandExecutor.invokeExecute(DriverCommandExecutor.java:167)
at org.openqa.selenium.remote.service.DriverCommandExecutor.execute(DriverCommandExecutor.java:142)
at org.openqa.selenium.remote.RemoteWebDriver.execute(RemoteWebDriver.java:547)
at org.openqa.selenium.remote.RemoteWebDriver.execute(RemoteWebDriver.java:602)
at org.openqa.selenium.remote.RemoteWebDriver.execute(RemoteWebDriver.java:606)
at org.openqa.selenium.remote.RemoteWebDriver$RemoteWebDriverOptions$RemoteWindow.maximize(RemoteWebDriver.java:1002)
at testbase.TestBase.getInstanceFromXML(TestBase.java:77)
at testcases.LoginTest_cb.beforeMethod(LoginTest_cb.java:44)
at java.util.ArrayList.forEach(ArrayList.java:1257)
... Removed 35 stack frames]]>
    </failure>
  </testcase> <!-- @BeforeMethod beforeMethod -->
  <testcase name="@AfterMethod afterMethod" time="-1.667246760195E9" classname="testcases.LoginTest_cb">
    <skipped/>
  </testcase> <!-- @AfterMethod afterMethod -->
  <testcase name="@BeforeMethod beforeMethod" time="0.002" classname="testcases.QuickLaunch_cb">
    <failure type="org.openqa.selenium.NoSuchSessionException" message="Session ID is null. Using WebDriver after calling quit()?
Build info: version: &amp;apos;4.4.0&amp;apos;, revision: &amp;apos;e5c75ed026a&amp;apos;
System info: host: &amp;apos;DESKTOP-OT8VNT7&amp;apos;, ip: &amp;apos;10.0.0.124&amp;apos;, os.name: &amp;apos;Windows 10&amp;apos;, os.arch: &amp;apos;amd64&amp;apos;, os.version: &amp;apos;10.0&amp;apos;, java.version: &amp;apos;1.8.0_251&amp;apos;
Driver info: org.openqa.selenium.chrome.ChromeDriver
Command: [null, maximizeCurrentWindow {}]
Capabilities {acceptInsecureCerts: false, browserName: chrome, browserVersion: 106.0.5249.121, chrome: {chromedriverVersion: 105.0.5195.52 (412c95e51883..., userDataDir: C:\Users\Ankush\AppData\Loc...}, goog:chromeOptions: {debuggerAddress: localhost:51496}, networkConnectionEnabled: false, pageLoadStrategy: normal, platformName: WINDOWS, proxy: Proxy(), se:cdp: ws://localhost:51496/devtoo..., se:cdpVersion: 106.0.5249.121, setWindowRect: true, strictFileInteractability: false, timeouts: {implicit: 0, pageLoad: 300000, script: 30000}, unhandledPromptBehavior: dismiss and notify, webauthn:extension:credBlob: true, webauthn:extension:largeBlob: true, webauthn:virtualAuthenticators: true}">
      <![CDATA[org.openqa.selenium.NoSuchSessionException: Session ID is null. Using WebDriver after calling quit()?
Build info: version: '4.4.0', revision: 'e5c75ed026a'
System info: host: 'DESKTOP-OT8VNT7', ip: '10.0.0.124', os.name: 'Windows 10', os.arch: 'amd64', os.version: '10.0', java.version: '1.8.0_251'
Driver info: org.openqa.selenium.chrome.ChromeDriver
Command: [null, maximizeCurrentWindow {}]
Capabilities {acceptInsecureCerts: false, browserName: chrome, browserVersion: 106.0.5249.121, chrome: {chromedriverVersion: 105.0.5195.52 (412c95e51883..., userDataDir: C:\Users\Ankush\AppData\Loc...}, goog:chromeOptions: {debuggerAddress: localhost:51496}, networkConnectionEnabled: false, pageLoadStrategy: normal, platformName: WINDOWS, proxy: Proxy(), se:cdp: ws://localhost:51496/devtoo..., se:cdpVersion: 106.0.5249.121, setWindowRect: true, strictFileInteractability: false, timeouts: {implicit: 0, pageLoad: 300000, script: 30000}, unhandledPromptBehavior: dismiss and notify, webauthn:extension:credBlob: true, webauthn:extension:largeBlob: true, webauthn:virtualAuthenticators: true}
at org.openqa.selenium.remote.HttpCommandExecutor.execute(HttpCommandExecutor.java:145)
at org.openqa.selenium.remote.service.DriverCommandExecutor.invokeExecute(DriverCommandExecutor.java:167)
at org.openqa.selenium.remote.service.DriverCommandExecutor.execute(DriverCommandExecutor.java:142)
at org.openqa.selenium.remote.RemoteWebDriver.execute(RemoteWebDriver.java:547)
at org.openqa.selenium.remote.RemoteWebDriver.execute(RemoteWebDriver.java:602)
at org.openqa.selenium.remote.RemoteWebDriver.execute(RemoteWebDriver.java:606)
at org.openqa.selenium.remote.RemoteWebDriver$RemoteWebDriverOptions$RemoteWindow.maximize(RemoteWebDriver.java:1002)
at testbase.TestBase.getInstanceFromXML(TestBase.java:77)
at testcases.QuickLaunch_cb.beforeMethod(QuickLaunch_cb.java:55)
at java.util.ArrayList.forEach(ArrayList.java:1257)
... Removed 35 stack frames]]>
    </failure>
  </testcase> <!-- @BeforeMethod beforeMethod -->
  <testcase name="@AfterMethod afterMethod" time="-1.667246760203E9" classname="testcases.QuickLaunch_cb">
    <skipped/>
  </testcase> <!-- @AfterMethod afterMethod -->
  <testcase name="@BeforeMethod beforeMethod" time="-1.667246760204E9" classname="testcases.QuickLaunch_cb">
    <skipped/>
  </testcase> <!-- @BeforeMethod beforeMethod -->
  <testcase name="@AfterMethod afterMethod" time="-1.667246760205E9" classname="testcases.QuickLaunch_cb">
    <skipped/>
  </testcase> <!-- @AfterMethod afterMethod -->
  <testcase name="LoginSuccess_001" time="0.0" classname="testcases.LoginTest_cb">
    <skipped/>
  </testcase> <!-- LoginSuccess_001 -->
  <testcase name="VerifyQuickLaunchItemCount_002" time="0.0" classname="testcases.QuickLaunch_cb">
    <skipped/>
  </testcase> <!-- VerifyQuickLaunchItemCount_002 -->
  <testcase name="VerifyQuickLaunchItems_003" time="0.0" classname="testcases.QuickLaunch_cb">
    <skipped/>
  </testcase> <!-- VerifyQuickLaunchItems_003 -->
</testsuite> <!-- firefox -->
