<?xml version="1.0" encoding="UTF-8"?>
<!-- Generated by org.testng.reporters.JUnitXMLReporter -->
<testsuite hostname="DESKTOP-OT8VNT7" ignored="0" name="Test" tests="3" failures="0" timestamp="2022-10-31T14:10:46 EDT" time="34.515" errors="0">
  <testcase name="LoginSuccess_001" time="4.431" classname="testcases.LoginTest"/>
  <testcase name="VerifyQuickLaunchItemCount_002" time="3.38" classname="testcases.QuickLaunch"/>
  <testcase name="VerifyQuickLaunchItems_003" time="3.283" classname="testcases.QuickLaunch"/>
</testsuite> <!-- Test -->
